<?xml version="1.0" encoding="UTF-8"?>
<testsuite name="javapractice.MyStackTest" tests="1" skipped="0" failures="0" errors="0" timestamp="2021-05-16T15:23:43" hostname="DESKTOP-N6M0MS9" time="0.081">
  <properties/>
  <testcase name="given3NumbersWhenAddedToStackShouldHaveLastAddedNode()" classname="javapractice.MyStackTest" time="0.081"/>
  <system-out><![CDATA[My Nodes: 56->30->70
]]></system-out>
  <system-err><![CDATA[]]></system-err>
</testsuite>
