<?xml version="1.0" encoding="UTF-8"?>
<testsuite name="javapractice.MyStackTest" tests="1" skipped="0" failures="0" errors="0" timestamp="2021-05-16T16:17:19" hostname="DESKTOP-N6M0MS9" time="0.053">
  <properties/>
  <testcase name="given3NumbersInStackWhenPopedShouldMatchWithLastAddedNode()" classname="javapractice.MyStackTest" time="0.053"/>
  <system-out><![CDATA[My Nodes: 30->70
]]></system-out>
  <system-err><![CDATA[]]></system-err>
</testsuite>
