<?xml version="1.0" encoding="UTF-8"?>
<testsuite name="javapractice.MyQueueTest" tests="1" skipped="0" failures="0" errors="0" timestamp="2021-05-17T10:43:11" hostname="DESKTOP-N6M0MS9" time="0.051">
  <properties/>
  <testcase name="abilityToUseDequeueOperationPerform()" classname="javapractice.MyQueueTest" time="0.051"/>
  <system-out><![CDATA[My Nodes: 30->70
]]></system-out>
  <system-err><![CDATA[]]></system-err>
</testsuite>
