<?xml version="1.0" encoding="UTF-8"?>
<testsuite name="javapractice.MyQueueTest" tests="1" skipped="0" failures="0" errors="0" timestamp="2021-05-17T10:38:33" hostname="DESKTOP-N6M0MS9" time="0.046">
  <properties/>
  <testcase name="given3NumbersInQueueShouldHaveWithFirstAddedNode()" classname="javapractice.MyQueueTest" time="0.046"/>
  <system-out><![CDATA[My Nodes: 56->30->70
]]></system-out>
  <system-err><![CDATA[]]></system-err>
</testsuite>
