<?xml version="1.0" encoding="UTF-8"?>
<testsuite name="javapractice.BSTTest" tests="1" skipped="0" failures="0" errors="0" timestamp="2021-05-19T14:50:57" hostname="DESKTOP-N6M0MS9" time="0.056">
  <properties/>
  <testcase name="given3NumbersWhenAddedToABinarySearchTreeShouldReturn3()" classname="javapractice.BSTTest" time="0.056"/>
  <system-out><![CDATA[]]></system-out>
  <system-err><![CDATA[]]></system-err>
</testsuite>
