<?xml version="1.0" encoding="UTF-8"?>
<testsuite name="javapractice.BSTTest" tests="1" skipped="0" failures="0" errors="0" timestamp="2021-05-19T15:44:05" hostname="DESKTOP-N6M0MS9" time="0.047">
  <properties/>
  <testcase name="given13NumbersWhenSearchToABinarySearchTreeShouldReturn63()" classname="javapractice.BSTTest" time="0.047"/>
  <system-out><![CDATA[KeyFound 63
]]></system-out>
  <system-err><![CDATA[]]></system-err>
</testsuite>
