<?xml version="1.0" encoding="UTF-8"?>
<testsuite name="javapractice.MyHashMapTest" tests="1" skipped="0" failures="0" errors="0" timestamp="2021-05-17T17:12:13" hostname="DESKTOP-N6M0MS9" time="0.055">
  <properties/>
  <testcase name="givenASentence_WhenWordsAreAddedToList_ShouldReturnWordFrequency()" classname="javapractice.MyHashMapTest" time="0.055"/>
  <system-out><![CDATA[MyHashMapNodes: {MyLinkedListNodes{MyMapNode{K=to V=2}->MyMapNode{K=be V=2}->MyMapNode{K=or V=1}->MyMapNode{K=not V=1}}}
]]></system-out>
  <system-err><![CDATA[]]></system-err>
</testsuite>
