<?xml version="1.0" encoding="UTF-8"?>
<testsuite name="javapractice.MyLinkedListTest" tests="1" skipped="0" failures="0" errors="0" timestamp="2021-05-16T08:32:57" hostname="DESKTOP-N6M0MS9" time="0.056">
  <properties/>
  <testcase name="given4NumbersWhenDeleteSecondLastPassLinkedListResult()" classname="javapractice.MyLinkedListTest" time="0.056"/>
  <system-out><![CDATA[Size of LinkedList: 3
My Nodes: 56->40->70
]]></system-out>
  <system-err><![CDATA[]]></system-err>
</testsuite>
